<?xml version="1.0" encoding="UTF-8"?>
<testsuite name="com.tonisalm.calculator.CalculatorApplicationTest" tests="1" skipped="0" failures="0" errors="0" timestamp="2022-02-08T15:37:05" hostname="kali" time="0.002">
  <properties/>
  <testcase name="testSum" classname="com.tonisalm.calculator.CalculatorApplicationTest" time="0.002"/>
  <system-out><![CDATA[]]></system-out>
  <system-err><![CDATA[]]></system-err>
</testsuite>
